<?xml version="1.0" encoding="UTF-8"?>
<!-- Generated by org.testng.reporters.JUnitXMLReporter -->
<testsuite ignored="4" hostname="DESKTOP-8PMU724" failures="0" tests="0" time="0.074" errors="0" timestamp="2023-09-05T11:47:38 IST">
  <testcase classname="com.example.NewTest2" name="test3" time="0.0">
    <ignored/>
  </testcase> <!-- test3 -->
  <testcase classname="com.example.NewTest2" name="test2" time="0.0">
    <ignored/>
  </testcase> <!-- test2 -->
  <testcase classname="com.example.NewTest2" name="test4" time="0.0">
    <ignored/>
  </testcase> <!-- test4 -->
  <testcase classname="com.example.NewTest2" name="test1" time="0.0">
    <ignored/>
  </testcase> <!-- test1 -->
</testsuite>
