<?xml version="1.0" encoding="UTF-8"?>
<testng-results ignored="0" total="0" passed="0" failed="0" skipped="0">
  <reporter-output>
  </reporter-output>
  <suite started-at="2023-09-05T11:47:38 IST" name="Default suite" finished-at="2023-09-05T11:47:38 IST" duration-ms="74">
    <groups>
    </groups>
    <test started-at="2023-09-05T11:47:38 IST" name="Default test" finished-at="2023-09-05T11:47:38 IST" duration-ms="74">
      <class name="com.example.NewTest2">
        <test-method is-config="true" signature="tearDown()[pri:0, instance:com.example.NewTest2@52b1beb6]" started-at="2023-09-05T11:47:39 IST" name="tearDown" finished-at="2023-09-05T11:47:39 IST" duration-ms="56" status="PASS">
          <reporter-output>
          </reporter-output>
        </test-method> <!-- tearDown -->
      </class> <!-- com.example.NewTest2 -->
    </test> <!-- Default test -->
  </suite> <!-- Default suite -->
</testng-results>
