<?xml version="1.0" encoding="UTF-8"?>
<testng-results ignored="0" total="2" passed="2" failed="0" skipped="0">
  <reporter-output>
    <line>
      <![CDATA[Opened URL: https://www.amazon.in/]]>
    </line>
    <line>
      <![CDATA[Searched for: samsung]]>
    </line>
    <line>
      <![CDATA[Opened URL: https://www.amazon.in/]]>
    </line>
    <line>
      <![CDATA[Searched for: apple]]>
    </line>
  </reporter-output>
  <suite started-at="2023-09-04T15:26:22 IST" name="Default suite" finished-at="2023-09-04T15:27:31 IST" duration-ms="68739">
    <groups>
    </groups>
    <test started-at="2023-09-04T15:26:22 IST" name="Default test" finished-at="2023-09-04T15:27:31 IST" duration-ms="68739">
      <class name="com.example.NewTest2">
        <test-method is-config="true" signature="init()[pri:0, instance:com.example.NewTest2@130c12b7]" started-at="2023-09-04T15:26:22 IST" name="init" finished-at="2023-09-04T15:26:33 IST" duration-ms="10657" status="PASS">
          <reporter-output>
          </reporter-output>
        </test-method> <!-- init -->
        <test-method signature="searchOnAmazon(java.lang.String,java.lang.String)[pri:0, instance:com.example.NewTest2@130c12b7]" started-at="2023-09-04T15:26:33 IST" name="searchOnAmazon" data-provider="dp" finished-at="2023-09-04T15:26:40 IST" duration-ms="6812" status="PASS">
          <params>
            <param index="0">
              <value>
                <![CDATA[https://www.amazon.in/]]>
              </value>
            </param>
            <param index="1">
              <value>
                <![CDATA[samsung]]>
              </value>
            </param>
          </params>
          <reporter-output>
            <line>
              <![CDATA[Opened URL: https://www.amazon.in/]]>
            </line>
            <line>
              <![CDATA[Searched for: samsung]]>
            </line>
          </reporter-output>
        </test-method> <!-- searchOnAmazon -->
        <test-method signature="searchOnAmazon(java.lang.String,java.lang.String)[pri:0, instance:com.example.NewTest2@130c12b7]" started-at="2023-09-04T15:26:40 IST" name="searchOnAmazon" data-provider="dp" finished-at="2023-09-04T15:27:30 IST" duration-ms="50308" status="PASS">
          <params>
            <param index="0">
              <value>
                <![CDATA[https://www.amazon.in/]]>
              </value>
            </param>
            <param index="1">
              <value>
                <![CDATA[apple]]>
              </value>
            </param>
          </params>
          <reporter-output>
            <line>
              <![CDATA[Opened URL: https://www.amazon.in/]]>
            </line>
            <line>
              <![CDATA[Searched for: apple]]>
            </line>
          </reporter-output>
        </test-method> <!-- searchOnAmazon -->
        <test-method is-config="true" signature="close()[pri:0, instance:com.example.NewTest2@130c12b7]" started-at="2023-09-04T15:27:30 IST" name="close" finished-at="2023-09-04T15:27:31 IST" duration-ms="735" status="PASS">
          <reporter-output>
          </reporter-output>
        </test-method> <!-- close -->
      </class> <!-- com.example.NewTest2 -->
    </test> <!-- Default test -->
  </suite> <!-- Default suite -->
</testng-results>
